# JRE version: OpenJDK Runtime Environment Microsoft-11369940 (21.0.7+6) (build 21.0.7+6-LTS)
# Java VM: OpenJDK 64-Bit Server VM Microsoft-11369940 (21.0.7+6-LTS, mixed mode, sharing, tiered, compressed oops, compressed class ptrs, g1 gc, windows-amd64)
GC Precious Log:
 CardTable entry size: 512
 Card Set container configuration: InlinePtr #cards 4 size 8 Array Of Cards #cards 16 size 48 Howl #buckets 8 coarsen threshold 3686 Howl Bitmap #cards 512 size 80 coarsen threshold 460 Card regions per heap region 1 cards per card region 4096
 CPUs: 8 total, 8 available
 Memory: 16152M
 Large Page Support: Disabled
 NUMA Support: Disabled
 Compressed Oops: Enabled (Zero based)
 Heap Region Size: 2M
 Heap Min Capacity: 8M
 Heap Initial Capacity: 254M
 Heap Max Capacity: 4040M
 Pre-touch: Disabled
 Parallel Workers: 8
 Concurrent Workers: 2
 Concurrent Refinement Workers: 8
 Periodic GC: Disabled
Heap:
 garbage-first heap   total 110592K, used 57344K [0x0000000703800000, 0x0000000800000000)
  region size 2048K, 8 young (16384K), 1 survivors (2048K)
 Metaspace       used 34125K, committed 34560K, reserved 1114112K
  class space    used 3833K, committed 4032K, reserved 1048576K
GC Heap History (12 events):
Event: 1.543 GC heap before
{Heap before GC invocations=0 (full 0):
 garbage-first heap   total 260096K, used 22528K [0x0000000703800000, 0x0000000800000000)
  region size 2048K, 11 young (22528K), 0 survivors (0K)
 Metaspace       used 5937K, committed 6080K, reserved 1114112K
  class space    used 677K, committed 768K, reserved 1048576K
}
Event: 1.548 GC heap after
{Heap after GC invocations=1 (full 0):
 garbage-first heap   total 260096K, used 3876K [0x0000000703800000, 0x0000000800000000)
  region size 2048K, 2 young (4096K), 2 survivors (4096K)
 Metaspace       used 5937K, committed 6080K, reserved 1114112K
  class space    used 677K, committed 768K, reserved 1048576K
}
Event: 2.538 GC heap before
{Heap before GC invocations=1 (full 0):
 garbage-first heap   total 260096K, used 38692K [0x0000000703800000, 0x0000000800000000)
  region size 2048K, 19 young (38912K), 2 survivors (4096K)
 Metaspace       used 10073K, committed 10240K, reserved 1114112K
  class space    used 1177K, committed 1216K, reserved 1048576K
}
Event: 2.547 GC heap after
{Heap after GC invocations=2 (full 0):
 garbage-first heap   total 260096K, used 5490K [0x0000000703800000, 0x0000000800000000)
  region size 2048K, 1 young (2048K), 1 survivors (2048K)
 Metaspace       used 10073K, committed 10240K, reserved 1114112K
  class space    used 1177K, committed 1216K, reserved 1048576K
}
Event: 6.759 GC heap before
{Heap before GC invocations=2 (full 0):
 garbage-first heap   total 260096K, used 138610K [0x0000000703800000, 0x0000000800000000)
  region size 2048K, 65 young (133120K), 1 survivors (2048K)
 Metaspace       used 21191K, committed 21504K, reserved 1114112K
  class space    used 2390K, committed 2560K, reserved 1048576K
}
Event: 6.774 GC heap after
{Heap after GC invocations=3 (full 0):
 garbage-first heap   total 260096K, used 23660K [0x0000000703800000, 0x0000000800000000)
  region size 2048K, 8 young (16384K), 8 survivors (16384K)
 Metaspace       used 21191K, committed 21504K, reserved 1114112K
  class space    used 2390K, committed 2560K, reserved 1048576K
}
Event: 8.944 GC heap before
{Heap before GC invocations=4 (full 0):
 garbage-first heap   total 81920K, used 81004K [0x0000000703800000, 0x0000000800000000)
  region size 2048K, 36 young (73728K), 8 survivors (16384K)
 Metaspace       used 28746K, committed 29120K, reserved 1114112K
  class space    used 3268K, committed 3456K, reserved 1048576K
}
Event: 8.975 GC heap after
{Heap after GC invocations=5 (full 0):
 garbage-first heap   total 108544K, used 30180K [0x0000000703800000, 0x0000000800000000)
  region size 2048K, 5 young (10240K), 5 survivors (10240K)
 Metaspace       used 28746K, committed 29120K, reserved 1114112K
  class space    used 3268K, committed 3456K, reserved 1048576K
}
Event: 10.292 GC heap before
{Heap before GC invocations=5 (full 0):
 garbage-first heap   total 108544K, used 85476K [0x0000000703800000, 0x0000000800000000)
  region size 2048K, 31 young (63488K), 5 survivors (10240K)
 Metaspace       used 29948K, committed 30336K, reserved 1114112K
  class space    used 3387K, committed 3584K, reserved 1048576K
}
Event: 10.315 GC heap after
{Heap after GC invocations=6 (full 0):
 garbage-first heap   total 110592K, used 44753K [0x0000000703800000, 0x0000000800000000)
  region size 2048K, 4 young (8192K), 4 survivors (8192K)
 Metaspace       used 29948K, committed 30336K, reserved 1114112K
  class space    used 3387K, committed 3584K, reserved 1048576K
}
Event: 11.705 GC heap before
{Heap before GC invocations=6 (full 0):
 garbage-first heap   total 110592K, used 85713K [0x0000000703800000, 0x0000000800000000)
  region size 2048K, 24 young (49152K), 4 survivors (8192K)
 Metaspace       used 32319K, committed 32704K, reserved 1114112K
  class space    used 3614K, committed 3776K, reserved 1048576K
}
Event: 11.714 GC heap after
{Heap after GC invocations=7 (full 0):
 garbage-first heap   total 110592K, used 45056K [0x0000000703800000, 0x0000000800000000)
  region size 2048K, 1 young (2048K), 1 survivors (2048K)
 Metaspace       used 32319K, committed 32704K, reserved 1114112K
  class space    used 3614K, committed 3776K, reserved 1048576K
}

